<?xml version="1.0" encoding="UTF-8"?>
<!-- Generated by org.testng.reporters.JUnitReportReporter -->
<testsuite skipped="0" hostname="CDC2-D-CJ3MXJ2" name="Day2.Day2Demo.Test1" tests="2" failures="0" timestamp="01 Apr 2019 05:38:02 GMT" time="0.009" errors="0">
  <testcase name="method1" time="0.005" classname="Day2.Day2Demo.Test1"/>
  <testcase name="method2" time="0.004" classname="Day2.Day2Demo.Test1"/>
</testsuite> <!-- Day2.Day2Demo.Test1 -->
