<?xml version="1.0" encoding="UTF-8"?>
<!-- Generated by org.testng.reporters.JUnitReportReporter -->
<testsuite skipped="0" hostname="CDC2-D-CJ3MXJ2" name="Day2.Day2Demo.NewTest12" tests="1" failures="0" timestamp="01 Apr 2019 09:46:30 GMT" time="1.421" errors="0">
  <testcase name="testExcelData" time="1.421" classname="Day2.Day2Demo.NewTest12"/>
</testsuite> <!-- Day2.Day2Demo.NewTest12 -->
